<?xml version="1.0" encoding="UTF-8"?>
<coverage generated="1653393386138" clover="3.2.0">
  <project timestamp="1653393386138" name="All files">
    <metrics statements="12" coveredstatements="6" conditionals="0" coveredconditionals="0" methods="6" coveredmethods="3" elements="18" coveredelements="9" complexity="0" loc="12" ncloc="12" packages="1" files="1" classes="1"/>
    <file name="Queue.js" path="C:\Users\dti Digital\Documents\repos\getting-started-with-jest\src\Queue\Queue.js">
      <metrics statements="12" coveredstatements="6" conditionals="0" coveredconditionals="0" methods="6" coveredmethods="3"/>
      <line num="3" count="2" type="stmt"/>
      <line num="4" count="2" type="stmt"/>
      <line num="5" count="2" type="stmt"/>
      <line num="8" count="3" type="stmt"/>
      <line num="9" count="3" type="stmt"/>
      <line num="12" count="0" type="stmt"/>
      <line num="13" count="0" type="stmt"/>
      <line num="14" count="0" type="stmt"/>
      <line num="15" count="0" type="stmt"/>
      <line num="18" count="0" type="stmt"/>
      <line num="21" count="1" type="stmt"/>
      <line num="24" count="0" type="stmt"/>
    </file>
  </project>
</coverage>
